<?xml version="1.0" encoding="UTF-8"?>
<testng-results skipped="0" failed="0" ignored="0" total="1" passed="1">
  <reporter-output>
  </reporter-output>
  <suite name="Default suite" duration-ms="33" started-at="2019-08-12T23:47:21Z" finished-at="2019-08-12T23:47:21Z">
    <groups>
    </groups>
    <test name="Default test" duration-ms="33" started-at="2019-08-12T23:47:21Z" finished-at="2019-08-12T23:47:21Z">
      <class name="test.ExtentReportsDemoTestNG">
        <test-method status="PASS" signature="setUp()[pri:0, instance:test.ExtentReportsDemoTestNG@14bf9759]" name="setUp" is-config="true" duration-ms="181" started-at="2019-08-12T23:47:21Z" finished-at="2019-08-12T23:47:21Z">
          <reporter-output>
          </reporter-output>
        </test-method> <!-- setUp -->
        <test-method status="PASS" signature="test123()[pri:0, instance:test.ExtentReportsDemoTestNG@14bf9759]" name="test123" duration-ms="16" started-at="2019-08-12T23:47:21Z" finished-at="2019-08-12T23:47:21Z">
          <reporter-output>
          </reporter-output>
        </test-method> <!-- test123 -->
        <test-method status="PASS" signature="tearDown()[pri:0, instance:test.ExtentReportsDemoTestNG@14bf9759]" name="tearDown" is-config="true" duration-ms="300" started-at="2019-08-12T23:47:21Z" finished-at="2019-08-12T23:47:21Z">
          <reporter-output>
          </reporter-output>
        </test-method> <!-- tearDown -->
      </class> <!-- test.ExtentReportsDemoTestNG -->
    </test> <!-- Default test -->
  </suite> <!-- Default suite -->
</testng-results>
